<?xml version="1.0" encoding="UTF-8"?>
<!-- Generated by org.testng.reporters.JUnitReportReporter -->
<testsuite hostname="DESKTOP-BVVQG2P" failures="0" tests="2" name="Academy.project.HomePage" time="20.228" errors="0" timestamp="9 May 2021 18:02:11 GMT">
  <testcase classname="Academy.project.HomePage" name="navigate" time="8.188"/>
  <testcase classname="Academy.project.HomePage" name="navigate" time="12.040"/>
</testsuite> <!-- Academy.project.HomePage -->
