<?xml version="1.0" encoding="UTF-8"?>
<!-- Generated by org.testng.reporters.JUnitReportReporter -->
<testsuite hostname="DESKTOP-BVVQG2P" failures="0" tests="1" name="Academy.project.base" time="5.007" errors="0" timestamp="2 Feb 2021 02:11:50 GMT">
  <testcase classname="Academy.project.base" name="navigate" time="5.007"/>
</testsuite> <!-- Academy.project.base -->
