<?xml version="1.0" encoding="UTF-8"?>
<!-- Generated by org.testng.reporters.JUnitReportReporter -->
<testsuite hostname="DESKTOP-BVVQG2P" failures="0" tests="1" name="Academy.project.validateBar" time="0.124" errors="0" timestamp="9 May 2021 18:02:11 GMT">
  <testcase classname="Academy.project.validateBar" name="navigate" time="0.124"/>
</testsuite> <!-- Academy.project.validateBar -->
