<?xml version="1.0" encoding="UTF-8"?>
<!-- Generated by org.testng.reporters.JUnitReportReporter -->
<testsuite hostname="DESKTOP-BVVQG2P" failures="0" tests="1" name="Academy.project.validateTitle" time="0.204" errors="0" timestamp="9 May 2021 18:02:11 GMT">
  <testcase classname="Academy.project.validateTitle" name="navigate" time="0.204"/>
</testsuite> <!-- Academy.project.validateTitle -->
