<?xml version="1.0" encoding="UTF-8"?>
<!-- Generated by org.testng.reporters.JUnitReportReporter -->
<testsuite hostname="DESKTOP-BVVQG2P" failures="0" tests="1" name="cucumberOptions.TestRunner" time="19.771" errors="0" timestamp="11 Feb 2021 01:22:52 GMT">
  <testcase classname="cucumberOptions.TestRunner" name="feature" time="19.771"/>
</testsuite> <!-- cucumberOptions.TestRunner -->
