<?xml version="1.0" encoding="UTF-8"?>
<!-- Generated by org.testng.reporters.JUnitReportReporter -->
<testsuite hostname="DESKTOP-BVVQG2P" failures="0" tests="2" name="Academy.project.HomePage" time="21.761" errors="0" timestamp="2021-05-09T11:02:51 PDT" skipped="0">
  <testcase classname="Academy.project.HomePage" name="navigate" time="12.353"/>
  <system-out/>
  <testcase classname="Academy.project.HomePage" name="navigate" time="9.408"/>
  <system-out/>
</testsuite> <!-- Academy.project.HomePage -->
