<?xml version="1.0" encoding="UTF-8"?>
<!-- Generated by org.testng.reporters.JUnitReportReporter -->
<testsuite hostname="DESKTOP-BVVQG2P" failures="0" tests="1" name="Academy.project.validateTitle" time="0.429" errors="0" timestamp="2021-05-09T11:02:51 PDT" skipped="0">
  <testcase classname="Academy.project.validateTitle" name="navigate" time="0.429"/>
  <system-out/>
</testsuite> <!-- Academy.project.validateTitle -->
