<?xml version="1.0" encoding="UTF-8"?>
<!-- Generated by org.testng.reporters.JUnitReportReporter -->
<testsuite hostname="DESKTOP-BVVQG2P" failures="0" tests="1" name="Academy.project.validateBar" time="0.100" errors="0" timestamp="2021-05-09T10:57:34 PDT" skipped="0">
  <testcase classname="Academy.project.validateBar" name="navigate" time="0.100"/>
  <system-out/>
</testsuite> <!-- Academy.project.validateBar -->
